2019-03-08 14:21:45 - ERROR - ToolBase:287 - Caught exception running tool: TikaTool
edu.harvard.hul.ois.fits.exceptions.FitsToolException: Exception reading metadata (Error on line 1: An invalid XML character (Unicode: 0x2) was found in the element content of the document.)
	at edu.harvard.hul.ois.fits.tools.tika.TikaTool.buildRawData(TikaTool.java:525)
	at edu.harvard.hul.ois.fits.tools.tika.TikaTool.extractInfo(TikaTool.java:448)
	at edu.harvard.hul.ois.fits.tools.ToolBase.run(ToolBase.java:284)
	at java.lang.Thread.run(Thread.java:748)
2019-03-08 14:22:05 - ERROR - ToolBase:287 - Caught exception running tool: TikaTool
edu.harvard.hul.ois.fits.exceptions.FitsToolException: Exception reading metadata (Error on line 1: An invalid XML character (Unicode: 0x1f) was found in the element content of the document.)
	at edu.harvard.hul.ois.fits.tools.tika.TikaTool.buildRawData(TikaTool.java:525)
	at edu.harvard.hul.ois.fits.tools.tika.TikaTool.extractInfo(TikaTool.java:448)
	at edu.harvard.hul.ois.fits.tools.ToolBase.run(ToolBase.java:284)
	at java.lang.Thread.run(Thread.java:748)
2019-03-08 14:22:27 - ERROR - ToolBase:287 - Caught exception running tool: TikaTool
edu.harvard.hul.ois.fits.exceptions.FitsToolException: Exception reading metadata (Error on line 1: An invalid XML character (Unicode: 0x4) was found in the element content of the document.)
	at edu.harvard.hul.ois.fits.tools.tika.TikaTool.buildRawData(TikaTool.java:525)
	at edu.harvard.hul.ois.fits.tools.tika.TikaTool.extractInfo(TikaTool.java:448)
	at edu.harvard.hul.ois.fits.tools.ToolBase.run(ToolBase.java:284)
	at java.lang.Thread.run(Thread.java:748)
2019-03-08 14:22:49 - ERROR - ToolBase:287 - Caught exception running tool: TikaTool
edu.harvard.hul.ois.fits.exceptions.FitsToolException: Exception reading metadata (Error on line 1: An invalid XML character (Unicode: 0x4) was found in the element content of the document.)
	at edu.harvard.hul.ois.fits.tools.tika.TikaTool.buildRawData(TikaTool.java:525)
	at edu.harvard.hul.ois.fits.tools.tika.TikaTool.extractInfo(TikaTool.java:448)
	at edu.harvard.hul.ois.fits.tools.ToolBase.run(ToolBase.java:284)
	at java.lang.Thread.run(Thread.java:748)
2019-03-11 15:00:32 - ERROR - ToolBase:287 - Caught exception running tool: TikaTool
edu.harvard.hul.ois.fits.exceptions.FitsToolException: Exception reading metadata (Error on line 1: An invalid XML character (Unicode: 0x2) was found in the element content of the document.)
	at edu.harvard.hul.ois.fits.tools.tika.TikaTool.buildRawData(TikaTool.java:525)
	at edu.harvard.hul.ois.fits.tools.tika.TikaTool.extractInfo(TikaTool.java:448)
	at edu.harvard.hul.ois.fits.tools.ToolBase.run(ToolBase.java:284)
	at java.lang.Thread.run(Thread.java:748)
2019-03-11 15:00:52 - ERROR - ToolBase:287 - Caught exception running tool: TikaTool
edu.harvard.hul.ois.fits.exceptions.FitsToolException: Exception reading metadata (Error on line 1: An invalid XML character (Unicode: 0x1f) was found in the element content of the document.)
	at edu.harvard.hul.ois.fits.tools.tika.TikaTool.buildRawData(TikaTool.java:525)
	at edu.harvard.hul.ois.fits.tools.tika.TikaTool.extractInfo(TikaTool.java:448)
	at edu.harvard.hul.ois.fits.tools.ToolBase.run(ToolBase.java:284)
	at java.lang.Thread.run(Thread.java:748)
2019-03-11 15:01:12 - ERROR - ToolBase:287 - Caught exception running tool: TikaTool
edu.harvard.hul.ois.fits.exceptions.FitsToolException: Exception reading metadata (Error on line 1: An invalid XML character (Unicode: 0x4) was found in the element content of the document.)
	at edu.harvard.hul.ois.fits.tools.tika.TikaTool.buildRawData(TikaTool.java:525)
	at edu.harvard.hul.ois.fits.tools.tika.TikaTool.extractInfo(TikaTool.java:448)
	at edu.harvard.hul.ois.fits.tools.ToolBase.run(ToolBase.java:284)
	at java.lang.Thread.run(Thread.java:748)
2019-03-11 15:01:35 - ERROR - ToolBase:287 - Caught exception running tool: TikaTool
edu.harvard.hul.ois.fits.exceptions.FitsToolException: Exception reading metadata (Error on line 1: An invalid XML character (Unicode: 0x4) was found in the element content of the document.)
	at edu.harvard.hul.ois.fits.tools.tika.TikaTool.buildRawData(TikaTool.java:525)
	at edu.harvard.hul.ois.fits.tools.tika.TikaTool.extractInfo(TikaTool.java:448)
	at edu.harvard.hul.ois.fits.tools.ToolBase.run(ToolBase.java:284)
	at java.lang.Thread.run(Thread.java:748)
2019-03-11 15:40:50 - ERROR - ToolBase:287 - Caught exception running tool: TikaTool
edu.harvard.hul.ois.fits.exceptions.FitsToolException: Exception reading metadata (Error on line 1: An invalid XML character (Unicode: 0x2) was found in the element content of the document.)
	at edu.harvard.hul.ois.fits.tools.tika.TikaTool.buildRawData(TikaTool.java:525)
	at edu.harvard.hul.ois.fits.tools.tika.TikaTool.extractInfo(TikaTool.java:448)
	at edu.harvard.hul.ois.fits.tools.ToolBase.run(ToolBase.java:284)
	at java.lang.Thread.run(Thread.java:748)
2019-03-11 15:41:09 - ERROR - ToolBase:287 - Caught exception running tool: TikaTool
edu.harvard.hul.ois.fits.exceptions.FitsToolException: Exception reading metadata (Error on line 1: An invalid XML character (Unicode: 0x1f) was found in the element content of the document.)
	at edu.harvard.hul.ois.fits.tools.tika.TikaTool.buildRawData(TikaTool.java:525)
	at edu.harvard.hul.ois.fits.tools.tika.TikaTool.extractInfo(TikaTool.java:448)
	at edu.harvard.hul.ois.fits.tools.ToolBase.run(ToolBase.java:284)
	at java.lang.Thread.run(Thread.java:748)
2019-03-11 15:41:29 - ERROR - ToolBase:287 - Caught exception running tool: TikaTool
edu.harvard.hul.ois.fits.exceptions.FitsToolException: Exception reading metadata (Error on line 1: An invalid XML character (Unicode: 0x4) was found in the element content of the document.)
	at edu.harvard.hul.ois.fits.tools.tika.TikaTool.buildRawData(TikaTool.java:525)
	at edu.harvard.hul.ois.fits.tools.tika.TikaTool.extractInfo(TikaTool.java:448)
	at edu.harvard.hul.ois.fits.tools.ToolBase.run(ToolBase.java:284)
	at java.lang.Thread.run(Thread.java:748)
2019-03-11 15:41:50 - ERROR - ToolBase:287 - Caught exception running tool: TikaTool
edu.harvard.hul.ois.fits.exceptions.FitsToolException: Exception reading metadata (Error on line 1: An invalid XML character (Unicode: 0x4) was found in the element content of the document.)
	at edu.harvard.hul.ois.fits.tools.tika.TikaTool.buildRawData(TikaTool.java:525)
	at edu.harvard.hul.ois.fits.tools.tika.TikaTool.extractInfo(TikaTool.java:448)
	at edu.harvard.hul.ois.fits.tools.ToolBase.run(ToolBase.java:284)
	at java.lang.Thread.run(Thread.java:748)
2019-03-12 10:03:14 - ERROR - ToolBase:287 - Caught exception running tool: TikaTool
edu.harvard.hul.ois.fits.exceptions.FitsToolException: Exception reading metadata (Error on line 1: An invalid XML character (Unicode: 0x2) was found in the element content of the document.)
	at edu.harvard.hul.ois.fits.tools.tika.TikaTool.buildRawData(TikaTool.java:525)
	at edu.harvard.hul.ois.fits.tools.tika.TikaTool.extractInfo(TikaTool.java:448)
	at edu.harvard.hul.ois.fits.tools.ToolBase.run(ToolBase.java:284)
	at java.lang.Thread.run(Thread.java:748)
2019-03-12 10:03:35 - ERROR - ToolBase:287 - Caught exception running tool: TikaTool
edu.harvard.hul.ois.fits.exceptions.FitsToolException: Exception reading metadata (Error on line 1: An invalid XML character (Unicode: 0x1f) was found in the element content of the document.)
	at edu.harvard.hul.ois.fits.tools.tika.TikaTool.buildRawData(TikaTool.java:525)
	at edu.harvard.hul.ois.fits.tools.tika.TikaTool.extractInfo(TikaTool.java:448)
	at edu.harvard.hul.ois.fits.tools.ToolBase.run(ToolBase.java:284)
	at java.lang.Thread.run(Thread.java:748)
2019-03-12 10:04:00 - ERROR - ToolBase:287 - Caught exception running tool: TikaTool
edu.harvard.hul.ois.fits.exceptions.FitsToolException: Exception reading metadata (Error on line 1: An invalid XML character (Unicode: 0x4) was found in the element content of the document.)
	at edu.harvard.hul.ois.fits.tools.tika.TikaTool.buildRawData(TikaTool.java:525)
	at edu.harvard.hul.ois.fits.tools.tika.TikaTool.extractInfo(TikaTool.java:448)
	at edu.harvard.hul.ois.fits.tools.ToolBase.run(ToolBase.java:284)
	at java.lang.Thread.run(Thread.java:748)
2019-03-12 10:04:21 - ERROR - ToolBase:287 - Caught exception running tool: TikaTool
edu.harvard.hul.ois.fits.exceptions.FitsToolException: Exception reading metadata (Error on line 1: An invalid XML character (Unicode: 0x4) was found in the element content of the document.)
	at edu.harvard.hul.ois.fits.tools.tika.TikaTool.buildRawData(TikaTool.java:525)
	at edu.harvard.hul.ois.fits.tools.tika.TikaTool.extractInfo(TikaTool.java:448)
	at edu.harvard.hul.ois.fits.tools.ToolBase.run(ToolBase.java:284)
	at java.lang.Thread.run(Thread.java:748)
